<?xml version="1.0" encoding="UTF-8"?>
<!-- Generated by org.testng.reporters.JUnitReportReporter -->
<testsuite skipped="0" hostname="DESKTOP-5RP36TA" name="com.w2a.testcase.LoginTest" tests="1" failures="0" timestamp="02 Jun 2020 02:12:21 GMT" time="0.472" errors="0">
  <testcase name="loginAsBankManager" time="0.472" classname="com.w2a.testcase.LoginTest"/>
</testsuite> <!-- com.w2a.testcase.LoginTest -->
