<?xml version="1.0" encoding="UTF-8"?>
<!-- Generated by org.testng.reporters.JUnitReportReporter -->
<testsuite skipped="0" hostname="Aj-DellLappy" name="com.w2a.testcases.AddCustomerTest" tests="1" failures="0" timestamp="23 Nov 2020 23:53:50 GMT" time="3.466" errors="0">
  <testcase name="addCustomerTest" time="3.466" classname="com.w2a.testcases.AddCustomerTest"/>
</testsuite> <!-- com.w2a.testcases.AddCustomerTest -->
