<?xml version="1.0" encoding="UTF-8"?>
<!-- Generated by org.testng.reporters.JUnitReportReporter -->
<testsuite skipped="0" hostname="DESKTOP-5RP36TA" name="com.w2a.testcase.BankManagerLoginTest" tests="1" failures="0" timestamp="04 Jun 2020 09:13:01 GMT" time="3.447" errors="0">
  <testcase name="loginAsBankManager" time="3.447" classname="com.w2a.testcase.BankManagerLoginTest"/>
</testsuite> <!-- com.w2a.testcase.BankManagerLoginTest -->
