<?xml version="1.0" encoding="UTF-8"?>
<!-- Generated by org.testng.reporters.JUnitReportReporter -->
<testsuite skipped="0" hostname="Aj-DellLappy" name="com.w2a.testcases.BankManagerLoginTest" tests="1" failures="0" timestamp="23 Nov 2020 23:53:50 GMT" time="3.081" errors="0">
  <testcase name="loginAsBankManager" time="3.081" classname="com.w2a.testcases.BankManagerLoginTest"/>
</testsuite> <!-- com.w2a.testcases.BankManagerLoginTest -->
